生成启动时间为 2013/8/2 15:28:13。
     1>项目“C:\GPS_DATA_Analysis\TravelMode_Classifier\TravelMode_Classifier\TravelMode_Classifier.vcxproj”在节点 2 上(build 个目标)。
     1>InitializeBuildStatus:
         正在创建“Debug\TravelMode_Classifier.unsuccessfulbuild”，因为已指定“AlwaysCreate”。
       ClCompile:
         所有输出均为最新。
         c:\Program Files (x86)\Microsoft Visual Studio 10.0\VC\bin\CL.exe /c /ZI /nologo /W3 /WX- /Od /Oy- /D WIN32 /D _WINDOWS /D _DEBUG /D _UNICODE /D UNICODE /D _AFXDLL /Gm /EHsc /RTC1 /MDd /GS /fp:precise /Zc:wchar_t /Zc:forScope /Yu"StdAfx.h" /Fp"Debug\TravelMode_Classifier.pch" /Fo"Debug\\" /Fd"Debug\vc100.pdb" /Gd /TP /analyze- /errorReport:prompt TravelMode_ClassifierDoc.cpp
         TravelMode_ClassifierDoc.cpp
     1>c:\gps_data_analysis\travelmode_classifier\travelmode_classifier\resource.h(33): warning C4005: “IDCANCEL”: 宏重定义
                 c:\program files (x86)\microsoft sdks\windows\v7.0a\include\winuser.h(9293) : 参见“IDCANCEL”的前一个定义
     1>c:\gps_data_analysis\travelmode_classifier\travelmode_classifier\travelmode_classifierdoc.cpp(208): warning C4244: “初始化”: 从“double”转换到“float”，可能丢失数据
     1>c:\gps_data_analysis\travelmode_classifier\travelmode_classifier\travelmode_classifierdoc.cpp(209): warning C4244: “初始化”: 从“double”转换到“float”，可能丢失数据
     1>c:\gps_data_analysis\travelmode_classifier\travelmode_classifier\travelmode_classifierdoc.cpp(210): warning C4244: “初始化”: 从“double”转换到“float”，可能丢失数据
     1>c:\gps_data_analysis\travelmode_classifier\travelmode_classifier\travelmode_classifierdoc.cpp(217): warning C4244: “初始化”: 从“double”转换到“float”，可能丢失数据
     1>c:\gps_data_analysis\travelmode_classifier\travelmode_classifier\travelmode_classifierdoc.cpp(225): warning C4018: “<”: 有符号/无符号不匹配
     1>c:\gps_data_analysis\travelmode_classifier\travelmode_classifier\travelmode_classifierdoc.cpp(251): warning C4018: “<”: 有符号/无符号不匹配
     1>c:\gps_data_analysis\travelmode_classifier\travelmode_classifier\travelmode_classifierdoc.cpp(284): warning C4018: “<”: 有符号/无符号不匹配
     1>c:\gps_data_analysis\travelmode_classifier\travelmode_classifier\travelmode_classifierdoc.cpp(302): warning C4018: “<”: 有符号/无符号不匹配
     1>c:\gps_data_analysis\travelmode_classifier\travelmode_classifier\travelmode_classifierdoc.cpp(321): warning C4018: “<”: 有符号/无符号不匹配
     1>c:\gps_data_analysis\travelmode_classifier\travelmode_classifier\travelmode_classifierdoc.cpp(369): warning C4018: “<”: 有符号/无符号不匹配
     1>c:\gps_data_analysis\travelmode_classifier\travelmode_classifier\travelmode_classifierdoc.cpp(385): warning C4018: “<”: 有符号/无符号不匹配
     1>c:\gps_data_analysis\travelmode_classifier\travelmode_classifier\travelmode_classifierdoc.cpp(404): warning C4018: “<”: 有符号/无符号不匹配
     1>c:\gps_data_analysis\travelmode_classifier\travelmode_classifier\travelmode_classifierdoc.cpp(455): warning C4018: “<”: 有符号/无符号不匹配
     1>c:\gps_data_analysis\travelmode_classifier\travelmode_classifier\travelmode_classifierdoc.cpp(471): warning C4018: “<”: 有符号/无符号不匹配
     1>c:\gps_data_analysis\travelmode_classifier\travelmode_classifier\travelmode_classifierdoc.cpp(490): warning C4018: “<”: 有符号/无符号不匹配
     1>c:\gps_data_analysis\travelmode_classifier\travelmode_classifier\travelmode_classifierdoc.cpp(564): warning C4018: “<”: 有符号/无符号不匹配
     1>c:\gps_data_analysis\travelmode_classifier\travelmode_classifier\travelmode_classifierdoc.cpp(603): warning C4018: “<”: 有符号/无符号不匹配
     1>c:\gps_data_analysis\travelmode_classifier\travelmode_classifier\travelmode_classifierdoc.cpp(644): warning C4018: “<”: 有符号/无符号不匹配
     1>c:\gps_data_analysis\travelmode_classifier\travelmode_classifier\travelmode_classifierdoc.cpp(160): warning C4101: “At”: 未引用的局部变量
       ResourceCompile:
         所有输出均为最新。
       ManifestResourceCompile:
         所有输出均为最新。
       Link:
         c:\Program Files (x86)\Microsoft Visual Studio 10.0\VC\bin\link.exe /ERRORREPORT:PROMPT /OUT:"C:\GPS_DATA_Analysis\TravelMode_Classifier\Debug\TravelMode_Classifier.exe" /INCREMENTAL /NOLOGO /MANIFEST /ManifestFile:"Debug\TravelMode_Classifier.exe.intermediate.manifest" /MANIFESTUAC:"level='asInvoker' uiAccess='false'" /DEBUG /PDB:"C:\GPS_DATA_Analysis\TravelMode_Classifier\Debug\TravelMode_Classifier.pdb" /SUBSYSTEM:WINDOWS /TLBID:1 /ENTRY:"wWinMainCRTStartup" /DYNAMICBASE /NXCOMPAT /IMPLIB:"C:\GPS_DATA_Analysis\TravelMode_Classifier\Debug\TravelMode_Classifier.lib" /MACHINE:X86 Debug\TravelMode_Classifier.res
         Debug\TravelMode_Classifier.exe.embed.manifest.res
         Debug\DialogPara.obj
         Debug\GPoint.obj
         Debug\MainFrm.obj
         Debug\Segment.obj
         Debug\stdafx.obj
         Debug\TravelMode_Classifier.obj
         Debug\TravelMode_ClassifierDoc.obj
         Debug\TravelMode_ClassifierView.obj
       Manifest:
         c:\Program Files (x86)\Microsoft SDKs\Windows\v7.0A\bin\mt.exe /nologo /verbose /out:"Debug\TravelMode_Classifier.exe.embed.manifest" /manifest Debug\TravelMode_Classifier.exe.intermediate.manifest "c:\Program Files (x86)\Microsoft Visual Studio 10.0\VC\Include\Manifest\dpiaware.manifest"
         所有输出均为最新。
       LinkEmbedManifest:
         所有输出均为最新。
         TravelMode_Classifier.vcxproj -> C:\GPS_DATA_Analysis\TravelMode_Classifier\Debug\TravelMode_Classifier.exe
       FinalizeBuildStatus:
         正在删除文件“Debug\TravelMode_Classifier.unsuccessfulbuild”。
         正在对“Debug\TravelMode_Classifier.lastbuildstate”执行 Touch 任务。
     1>已完成生成项目“C:\GPS_DATA_Analysis\TravelMode_Classifier\TravelMode_Classifier\TravelMode_Classifier.vcxproj”(build 个目标)的操作。

生成成功。

已用时间 00:00:02.58
